============================================================
  Generated by:           Genus(TM) Synthesis Solution 20.11-s111_1
  Generated on:           Apr 09 2024  12:04:51 pm
  Module:                 top
  Operating conditions:   PVT_1P1V_0C (balanced_tree)
  Wireload mode:          enclosed
  Area mode:              timing library
============================================================

Timing
--------

Clock Period 
-------------
clk   1000.0 


        Cost          Critical         Violating 
       Group         Path Slack  TNS     Paths   
-------------------------------------------------
cg_enable_group_clk       741.5   0.0          0 
clk                       732.8   0.0          0 
default                No paths   0.0            
-------------------------------------------------
Total                             0.0          0 

Instance Count
--------------
Leaf Instance Count             979 
Physical Instance count           0 
Sequential Instance Count       313 
Combinational Instance Count    666 
Hierarchical Instance Count      22 

Area
----
Cell Area                          2695.644
Physical Cell Area                 0.000
Total Cell Area (Cell+Physical)    2695.644
Net Area                           0.000
Total Area (Cell+Physical+Net)     2695.644

Max Fanout                         171 (rst)
Min Fanout                         0 (RC_CG_DECLONE_HIER_INST/test)
Average Fanout                     2.3
Terms to net ratio                 3.2843
Terms to instance ratio            3.4219
Runtime                            18.438609 seconds
Elapsed Runtime                    19 seconds
Genus peak memory usage            1291.96 
Innovus peak memory usage          no_value 
Hostname                           centos.localdomain
