============================================================
  Generated by:           Genus(TM) Synthesis Solution 20.11-s111_1
  Generated on:           Apr 09 2024  12:04:50 pm
  Module:                 top
  Operating conditions:   PVT_1P1V_0C (balanced_tree)
  Wireload mode:          enclosed
  Area mode:              timing library
============================================================


Path 1: MET (733 ps) Setup Check with Pin s_en_reg/CK->SI
          Group: clk
     Startpoint: (R) s_state_reg[1]/CK
          Clock: (R) clk
       Endpoint: (R) s_en_reg/SI
          Clock: (R) clk

                     Capture       Launch     
        Clock Edge:+    1000            0     
       Src Latency:+       0            0     
       Net Latency:+       0 (I)        0 (I) 
           Arrival:=    1000            0     
                                              
             Setup:-      31                  
       Uncertainty:-      10                  
     Required Time:=     959                  
      Launch Clock:-       0                  
         Data Path:-     226                  
             Slack:=     733                  

#------------------------------------------------------------------------------------------
#   Timing Point    Flags   Arc   Edge   Cell     Fanout Load Trans Delay Arrival Instance 
#                                                        (fF)  (ps)  (ps)   (ps)  Location 
#------------------------------------------------------------------------------------------
  s_state_reg[1]/CK -       -     R     (arrival)     67    -   100     0       0    (-,-) 
  s_state_reg[1]/Q  -       CK->Q F     DFFHQX1        6  1.8    14    71      71    (-,-) 
  g4424/Y           -       A->Y  R     INVXL          1  0.3     7    10      81    (-,-) 
  g4348__1617/Y     -       C->Y  F     NAND3BXL       7  1.7    62    40     121    (-,-) 
  g4271__7410/Y     -       A1->Y R     OAI22X1        2  0.9    41    40     161    (-,-) 
  g4208__7098/Y     -       A1->Y F     OAI21XL        3  0.7    24    29     190    (-,-) 
  g4183__2398/Y     -       B->Y  F     OR2XL          3  0.7    10    27     217    (-,-) 
  g1604__2398/Y     -       B->Y  R     NAND2XL        1  0.3    16    10     226    (-,-) 
  s_en_reg/SI       <<<     -     R     SDFFQX1        1    -     -     0     226    (-,-) 
#------------------------------------------------------------------------------------------

